2023-04-15T05:27:46+00:00 CRITICAL syntax error, unexpected '<', expecting end of file in /home/poundvegco/public_html/wp-content/themes/hello-elementor/header.php on line 43

2023-04-15T05:27:50+00:00 CRITICAL syntax error, unexpected '<', expecting end of file in /home/poundvegco/public_html/wp-content/themes/hello-elementor/header.php on line 43

2023-04-15T05:27:55+00:00 CRITICAL syntax error, unexpected '<', expecting end of file in /home/poundvegco/public_html/wp-content/themes/hello-elementor/header.php on line 43

2023-04-15T05:27:55+00:00 CRITICAL syntax error, unexpected '<', expecting end of file in /home/poundvegco/public_html/wp-content/themes/hello-elementor/header.php on line 43

2023-04-15T05:38:54+00:00 CRITICAL syntax error, unexpected 'function' (T_FUNCTION) in /home/poundvegco/public_html/wp-content/themes/hello-elementor/functions.php on line 296

2023-04-15T07:17:44+00:00 CRITICAL Uncaught Error: Call to a member function get_cart_url() on null in /home/poundvegco/public_html/wp-content/themes/hello-elementor/functions.php:234
Stack trace:
#0 /home/poundvegco/public_html/wp-includes/shortcodes.php(355): get_cart_count('', '', 'woo_cart')
#1 [internal function]: do_shortcode_tag(Array)
#2 /home/poundvegco/public_html/wp-includes/shortcodes.php(227): preg_replace_callback('/\\[(\\[?)(woo_ca...', 'do_shortcode_ta...', '[woo_cart]')
#3 /home/poundvegco/public_html/wp-content/plugins/elementor/includes/widgets/shortcode.php(130): do_shortcode('[woo_cart]')
#4 /home/poundvegco/public_html/wp-content/plugins/elementor/includes/base/controls-stack.php(2268): Elementor\Widget_Shortcode->render()
#5 /home/poundvegco/public_html/wp-content/plugins/elementor/includes/base/widget-base.php(609): Elementor\Controls_Stack->render_by_mode()
#6 /home/poundvegco/public_html/wp-content/plugins/elementor/includes/base/widget-base.php(733): Elementor\Widget_Base->render_content()
#7 /home/poundvegco/public_ in /home/poundvegco/public_html/wp-content/themes/hello-elementor/functions.php on line 234

2023-04-15T07:19:15+00:00 CRITICAL Uncaught Error: Call to a member function get_cart_url() on null in /home/poundvegco/public_html/wp-content/themes/hello-elementor/functions.php:234
Stack trace:
#0 /home/poundvegco/public_html/wp-includes/shortcodes.php(355): get_cart_count('', '', 'woo_cart')
#1 [internal function]: do_shortcode_tag(Array)
#2 /home/poundvegco/public_html/wp-includes/shortcodes.php(227): preg_replace_callback('/\\[(\\[?)(woo_ca...', 'do_shortcode_ta...', '[woo_cart]')
#3 /home/poundvegco/public_html/wp-content/plugins/elementor/includes/widgets/shortcode.php(130): do_shortcode('[woo_cart]')
#4 /home/poundvegco/public_html/wp-content/plugins/elementor/includes/base/controls-stack.php(2268): Elementor\Widget_Shortcode->render()
#5 /home/poundvegco/public_html/wp-content/plugins/elementor/includes/base/widget-base.php(609): Elementor\Controls_Stack->render_by_mode()
#6 /home/poundvegco/public_html/wp-content/plugins/elementor/includes/base/widget-base.php(733): Elementor\Widget_Base->render_content()
#7 /home/poundvegco/public_ in /home/poundvegco/public_html/wp-content/themes/hello-elementor/functions.php on line 234

2023-04-15T07:20:29+00:00 CRITICAL Uncaught Error: Call to a member function get_cart_url() on null in /home/poundvegco/public_html/wp-content/themes/hello-elementor/functions.php:234
Stack trace:
#0 /home/poundvegco/public_html/wp-includes/shortcodes.php(355): get_cart_count('', '', 'woo_cart')
#1 [internal function]: do_shortcode_tag(Array)
#2 /home/poundvegco/public_html/wp-includes/shortcodes.php(227): preg_replace_callback('/\\[(\\[?)(woo_ca...', 'do_shortcode_ta...', '[woo_cart]')
#3 /home/poundvegco/public_html/wp-content/plugins/elementor/includes/widgets/shortcode.php(130): do_shortcode('[woo_cart]')
#4 /home/poundvegco/public_html/wp-content/plugins/elementor/includes/base/controls-stack.php(2268): Elementor\Widget_Shortcode->render()
#5 /home/poundvegco/public_html/wp-content/plugins/elementor/includes/base/widget-base.php(609): Elementor\Controls_Stack->render_by_mode()
#6 /home/poundvegco/public_html/wp-content/plugins/elementor/includes/base/widget-base.php(733): Elementor\Widget_Base->render_content()
#7 /home/poundvegco/public_ in /home/poundvegco/public_html/wp-content/themes/hello-elementor/functions.php on line 234

2023-04-15T07:20:33+00:00 CRITICAL Uncaught Error: Call to a member function get_cart_url() on null in /home/poundvegco/public_html/wp-content/themes/hello-elementor/functions.php:234
Stack trace:
#0 /home/poundvegco/public_html/wp-includes/shortcodes.php(355): get_cart_count('', '', 'woo_cart')
#1 [internal function]: do_shortcode_tag(Array)
#2 /home/poundvegco/public_html/wp-includes/shortcodes.php(227): preg_replace_callback('/\\[(\\[?)(woo_ca...', 'do_shortcode_ta...', '[woo_cart]')
#3 /home/poundvegco/public_html/wp-content/plugins/elementor/includes/widgets/shortcode.php(130): do_shortcode('[woo_cart]')
#4 /home/poundvegco/public_html/wp-content/plugins/elementor/includes/base/controls-stack.php(2268): Elementor\Widget_Shortcode->render()
#5 /home/poundvegco/public_html/wp-content/plugins/elementor/includes/base/widget-base.php(609): Elementor\Controls_Stack->render_by_mode()
#6 /home/poundvegco/public_html/wp-content/plugins/elementor/includes/base/widget-base.php(733): Elementor\Widget_Base->render_content()
#7 /home/poundvegco/public_ in /home/poundvegco/public_html/wp-content/themes/hello-elementor/functions.php on line 234

2023-04-15T07:20:40+00:00 CRITICAL Uncaught Error: Call to a member function get_cart_url() on null in /home/poundvegco/public_html/wp-content/themes/hello-elementor/functions.php:234
Stack trace:
#0 /home/poundvegco/public_html/wp-includes/shortcodes.php(355): get_cart_count('', '', 'woo_cart')
#1 [internal function]: do_shortcode_tag(Array)
#2 /home/poundvegco/public_html/wp-includes/shortcodes.php(227): preg_replace_callback('/\\[(\\[?)(woo_ca...', 'do_shortcode_ta...', '[woo_cart]')
#3 /home/poundvegco/public_html/wp-content/plugins/elementor/includes/widgets/shortcode.php(130): do_shortcode('[woo_cart]')
#4 /home/poundvegco/public_html/wp-content/plugins/elementor/includes/base/controls-stack.php(2268): Elementor\Widget_Shortcode->render()
#5 /home/poundvegco/public_html/wp-content/plugins/elementor/includes/base/widget-base.php(609): Elementor\Controls_Stack->render_by_mode()
#6 /home/poundvegco/public_html/wp-content/plugins/elementor/includes/base/widget-base.php(733): Elementor\Widget_Base->render_content()
#7 /home/poundvegco/public_ in /home/poundvegco/public_html/wp-content/themes/hello-elementor/functions.php on line 234

2023-04-15T07:28:51+00:00 CRITICAL Uncaught Error: Call to a member function get_cart_url() on null in /home/poundvegco/public_html/wp-content/themes/hello-elementor/functions.php:234
Stack trace:
#0 /home/poundvegco/public_html/wp-includes/shortcodes.php(355): get_cart_count('', '', 'woo_cart')
#1 [internal function]: do_shortcode_tag(Array)
#2 /home/poundvegco/public_html/wp-includes/shortcodes.php(227): preg_replace_callback('/\\[(\\[?)(woo_ca...', 'do_shortcode_ta...', '[woo_cart]')
#3 /home/poundvegco/public_html/wp-content/plugins/elementor/includes/widgets/shortcode.php(130): do_shortcode('[woo_cart]')
#4 /home/poundvegco/public_html/wp-content/plugins/elementor/includes/base/controls-stack.php(2268): Elementor\Widget_Shortcode->render()
#5 /home/poundvegco/public_html/wp-content/plugins/elementor/includes/base/widget-base.php(609): Elementor\Controls_Stack->render_by_mode()
#6 /home/poundvegco/public_html/wp-content/plugins/elementor/includes/base/widget-base.php(733): Elementor\Widget_Base->render_content()
#7 /home/poundvegco/public_ in /home/poundvegco/public_html/wp-content/themes/hello-elementor/functions.php on line 234

2023-04-15T07:29:42+00:00 CRITICAL Uncaught Error: Call to a member function get_cart_total() on null in /home/poundvegco/public_html/wp-content/themes/hello-elementor/functions.php:238
Stack trace:
#0 /home/poundvegco/public_html/wp-includes/shortcodes.php(355): get_cart_count('', '', 'woo_cart')
#1 [internal function]: do_shortcode_tag(Array)
#2 /home/poundvegco/public_html/wp-includes/shortcodes.php(227): preg_replace_callback('/\\[(\\[?)(woo_ca...', 'do_shortcode_ta...', '[woo_cart]')
#3 /home/poundvegco/public_html/wp-content/plugins/elementor/includes/widgets/shortcode.php(130): do_shortcode('[woo_cart]')
#4 /home/poundvegco/public_html/wp-content/plugins/elementor/includes/base/controls-stack.php(2268): Elementor\Widget_Shortcode->render()
#5 /home/poundvegco/public_html/wp-content/plugins/elementor/includes/base/widget-base.php(609): Elementor\Controls_Stack->render_by_mode()
#6 /home/poundvegco/public_html/wp-content/plugins/elementor/includes/base/widget-base.php(733): Elementor\Widget_Base->render_content()
#7 /home/poundvegco/publi in /home/poundvegco/public_html/wp-content/themes/hello-elementor/functions.php on line 238

