2023-04-15T06:15:52+00:00 NOTICE action_scheduler.queue_job :: MailChimp_WooCommerce_Cart_Update queued :: obj_id e1af7e36135f5108069471b5930804fc
2023-04-15T06:15:53+00:00 NOTICE action_scheduler.queue_job :: MailChimp_WooCommerce_User_Submit queued :: obj_id 2
2023-04-15T06:16:34+00:00 NOTICE abandoned_cart.success :: email: pratyushlondon@gmail.com :: checkout_url: https://poundveg.co.uk/checkout/?mc_cart_id=e1af7e36135f5108069471b5930804fc
2023-04-15T06:16:35+00:00 NOTICE cart.member.updated :: Updated pratyushlondon@gmail.com subscriber status to subscribed and language to en
2023-04-15T06:16:36+00:00 NOTICE member.sync :: Updated Member pratyushlondon@gmail.com :: Array
(
    [status] => subscribed
    [language] => 
    [merge_fields] => Array
        (
        )

    [gdpr_fields] => 
)

2023-04-15T06:17:04+00:00 NOTICE member.sync :: user_my_account_opt_in_save 1
2023-04-15T06:17:04+00:00 NOTICE action_scheduler.queue_job :: MailChimp_WooCommerce_User_Submit queued :: obj_id 2
2023-04-15T06:17:35+00:00 NOTICE member.sync :: Updated Member pratyushlondon@gmail.com :: Array
(
    [status] => subscribed
    [language] => 
    [merge_fields] => Array
        (
            [FNAME] => Pratyush
            [LNAME] => Kumar
        )

    [gdpr_fields] => 
)

2023-04-15T06:20:21+00:00 NOTICE action_scheduler.queue_job :: MailChimp_WooCommerce_Cart_Update queued :: obj_id e1af7e36135f5108069471b5930804fc
2023-04-15T06:20:29+00:00 NOTICE abandoned_cart.success :: email: pratyushlondon@gmail.com :: checkout_url: https://poundveg.co.uk/checkout/?mc_cart_id=e1af7e36135f5108069471b5930804fc
2023-04-15T06:20:43+00:00 NOTICE action_scheduler.queue_job :: MailChimp_WooCommerce_Cart_Update queued :: obj_id e1af7e36135f5108069471b5930804fc
2023-04-15T06:20:44+00:00 NOTICE action_scheduler.queue_job :: MailChimp_WooCommerce_Cart_Update queued :: obj_id dfb8e77254e4d3f1eabc633f8f7867aa
2023-04-15T06:21:33+00:00 NOTICE abandoned_cart.success :: email: pratyush@prabisha.co.uk :: checkout_url: https://poundveg.co.uk/checkout/?mc_cart_id=dfb8e77254e4d3f1eabc633f8f7867aa
2023-04-15T06:21:33+00:00 NOTICE cart.member.updated :: Updated pratyush@prabisha.co.uk subscriber status to transactional and language to en
2023-04-15T06:21:34+00:00 NOTICE abandoned_cart.success :: email: pratyushlondon@gmail.com :: checkout_url: https://poundveg.co.uk/checkout/?mc_cart_id=e1af7e36135f5108069471b5930804fc
2023-04-15T07:02:20+00:00 NOTICE action_scheduler.queue_job :: MailChimp_WooCommerce_Single_Product starts in 5 seconds :: obj_id 5885
2023-04-15T07:02:40+00:00 NOTICE product_submit.success :: updateStoreProduct :: #5885
2023-04-15T10:08:39+00:00 NOTICE action_scheduler.queue_job :: MailChimp_WooCommerce_Single_Order starts in 90 seconds :: obj_id 7379
2023-04-15T10:08:40+00:00 NOTICE debug :: Order ID 7379 was pending and is now on-hold :: Array
(
    [new_order] => 
    [tracking] => 
)

2023-04-15T12:11:47+00:00 NOTICE action_scheduler.queue_job :: MailChimp_WooCommerce_Cart_Update queued :: obj_id 0d2c571e982bdd8aef3506ae24dd547d
2023-04-15T12:12:16+00:00 NOTICE abandoned_cart.success :: email: johnsmithstore.91@gmail.com :: checkout_url: https://poundveg.co.uk/checkout/?mc_cart_id=0d2c571e982bdd8aef3506ae24dd547d
2023-04-15T12:12:17+00:00 NOTICE cart.member.updated :: Updated johnsmithstore.91@gmail.com subscriber status to transactional and language to en
2023-04-15T12:14:05+00:00 NOTICE action_scheduler.queue_job :: MailChimp_WooCommerce_Cart_Update queued :: obj_id 0d2c571e982bdd8aef3506ae24dd547d
2023-04-15T12:14:27+00:00 NOTICE abandoned_cart.success :: email: johnsmithstore.91@gmail.com :: checkout_url: https://poundveg.co.uk/checkout/?mc_cart_id=0d2c571e982bdd8aef3506ae24dd547d
2023-04-15T12:22:13+00:00 NOTICE action_scheduler.queue_job :: MailChimp_WooCommerce_Cart_Update queued :: obj_id 0d2c571e982bdd8aef3506ae24dd547d
2023-04-15T12:22:15+00:00 NOTICE abandoned_cart.success :: email: johnsmithstore.91@gmail.com :: checkout_url: https://poundveg.co.uk/checkout/?mc_cart_id=0d2c571e982bdd8aef3506ae24dd547d
