2023-04-16T00:33:15+00:00 DEBUG 
====Stripe Version: 7.3.0====
====Start Log====
Stripe Payment Request live mode requires SSL.
====End Log====


2023-04-16T00:33:15+00:00 DEBUG 
====Stripe Version: 7.3.0====
====Start Log====
Stripe live mode requires SSL.
====End Log====


2023-04-16T00:33:15+00:00 DEBUG 
====Stripe Version: 7.3.0====
====Start Log====
Stripe Payment Request live mode requires SSL.
====End Log====


2023-04-16T00:33:27+00:00 DEBUG 
====Stripe Version: 7.3.0====
====Start Log====
Stripe Payment Request live mode requires SSL.
====End Log====


2023-04-16T00:33:27+00:00 DEBUG 
====Stripe Version: 7.3.0====
====Start Log====
Stripe live mode requires SSL.
====End Log====


2023-04-16T00:33:28+00:00 DEBUG 
====Stripe Version: 7.3.0====
====Start Log====
Stripe Payment Request live mode requires SSL.
====End Log====


2023-04-16T00:33:39+00:00 DEBUG 
====Stripe Version: 7.3.0====
====Start Log====
Stripe Payment Request live mode requires SSL.
====End Log====


2023-04-16T00:33:39+00:00 DEBUG 
====Stripe Version: 7.3.0====
====Start Log====
Stripe live mode requires SSL.
====End Log====


2023-04-16T00:33:39+00:00 DEBUG 
====Stripe Version: 7.3.0====
====Start Log====
Stripe Payment Request live mode requires SSL.
====End Log====


2023-04-16T00:36:45+00:00 DEBUG 
====Stripe Version: 7.3.0====
====Start Log====
Stripe Payment Request live mode requires SSL.
====End Log====


2023-04-16T00:36:45+00:00 DEBUG 
====Stripe Version: 7.3.0====
====Start Log====
Stripe live mode requires SSL.
====End Log====


2023-04-16T00:36:57+00:00 DEBUG 
====Stripe Version: 7.3.0====
====Start Log====
Stripe Payment Request live mode requires SSL.
====End Log====


2023-04-16T00:36:57+00:00 DEBUG 
====Stripe Version: 7.3.0====
====Start Log====
Stripe live mode requires SSL.
====End Log====


2023-04-16T00:36:57+00:00 DEBUG 
====Stripe Version: 7.3.0====
====Start Log====
Stripe Payment Request live mode requires SSL.
====End Log====


2023-04-16T01:24:55+00:00 DEBUG 
====Stripe Version: 7.3.0====
====Start Log====
Stripe Payment Request live mode requires SSL.
====End Log====


2023-04-16T01:24:55+00:00 DEBUG 
====Stripe Version: 7.3.0====
====Start Log====
Stripe live mode requires SSL.
====End Log====


2023-04-16T01:24:55+00:00 DEBUG 
====Stripe Version: 7.3.0====
====Start Log====
Stripe Payment Request live mode requires SSL.
====End Log====


2023-04-16T01:25:03+00:00 DEBUG 
====Stripe Version: 7.3.0====
====Start Log====
Stripe Payment Request live mode requires SSL.
====End Log====


2023-04-16T01:25:03+00:00 DEBUG 
====Stripe Version: 7.3.0====
====Start Log====
Stripe live mode requires SSL.
====End Log====


2023-04-16T01:25:03+00:00 DEBUG 
====Stripe Version: 7.3.0====
====Start Log====
Stripe Payment Request live mode requires SSL.
====End Log====


2023-04-16T02:16:11+00:00 DEBUG 
====Stripe Version: 7.3.0====
====Start Log====
Stripe Payment Request live mode requires SSL.
====End Log====


2023-04-16T02:16:11+00:00 DEBUG 
====Stripe Version: 7.3.0====
====Start Log====
Stripe live mode requires SSL.
====End Log====


2023-04-16T02:16:12+00:00 DEBUG 
====Stripe Version: 7.3.0====
====Start Log====
Stripe Payment Request live mode requires SSL.
====End Log====


2023-04-16T03:55:08+00:00 DEBUG 
====Stripe Version: 7.3.0====
====Start Log====
Stripe Payment Request live mode requires SSL.
====End Log====


2023-04-16T03:55:08+00:00 DEBUG 
====Stripe Version: 7.3.0====
====Start Log====
Stripe live mode requires SSL.
====End Log====


2023-04-16T03:55:08+00:00 DEBUG 
====Stripe Version: 7.3.0====
====Start Log====
Stripe Payment Request live mode requires SSL.
====End Log====


2023-04-16T03:55:20+00:00 DEBUG 
====Stripe Version: 7.3.0====
====Start Log====
Stripe Payment Request live mode requires SSL.
====End Log====


2023-04-16T03:55:20+00:00 DEBUG 
====Stripe Version: 7.3.0====
====Start Log====
Stripe live mode requires SSL.
====End Log====


2023-04-16T03:55:20+00:00 DEBUG 
====Stripe Version: 7.3.0====
====Start Log====
Stripe Payment Request live mode requires SSL.
====End Log====


2023-04-16T03:59:01+00:00 DEBUG 
====Stripe Version: 7.3.0====
====Start Log====
Stripe Payment Request live mode requires SSL.
====End Log====


2023-04-16T03:59:01+00:00 DEBUG 
====Stripe Version: 7.3.0====
====Start Log====
Stripe live mode requires SSL.
====End Log====


2023-04-16T03:59:01+00:00 DEBUG 
====Stripe Version: 7.3.0====
====Start Log====
Stripe Payment Request live mode requires SSL.
====End Log====


2023-04-16T03:59:20+00:00 DEBUG 
====Stripe Version: 7.3.0====
====Start Log====
Stripe Payment Request live mode requires SSL.
====End Log====


2023-04-16T03:59:20+00:00 DEBUG 
====Stripe Version: 7.3.0====
====Start Log====
Stripe live mode requires SSL.
====End Log====


2023-04-16T03:59:20+00:00 DEBUG 
====Stripe Version: 7.3.0====
====Start Log====
Stripe Payment Request live mode requires SSL.
====End Log====


2023-04-16T03:59:41+00:00 DEBUG 
====Stripe Version: 7.3.0====
====Start Log====
Stripe Payment Request live mode requires SSL.
====End Log====


2023-04-16T03:59:41+00:00 DEBUG 
====Stripe Version: 7.3.0====
====Start Log====
Stripe live mode requires SSL.
====End Log====


2023-04-16T03:59:41+00:00 DEBUG 
====Stripe Version: 7.3.0====
====Start Log====
Stripe Payment Request live mode requires SSL.
====End Log====


2023-04-16T04:49:27+00:00 DEBUG 
====Stripe Version: 7.3.0====
====Start Log====
Stripe Payment Request live mode requires SSL.
====End Log====


2023-04-16T04:49:27+00:00 DEBUG 
====Stripe Version: 7.3.0====
====Start Log====
Stripe live mode requires SSL.
====End Log====


2023-04-16T04:49:27+00:00 DEBUG 
====Stripe Version: 7.3.0====
====Start Log====
Stripe Payment Request live mode requires SSL.
====End Log====


2023-04-16T06:34:05+00:00 DEBUG 
====Stripe Version: 7.3.0====
====Start Log====
Stripe Payment Request live mode requires SSL.
====End Log====


2023-04-16T06:34:05+00:00 DEBUG 
====Stripe Version: 7.3.0====
====Start Log====
Stripe live mode requires SSL.
====End Log====


2023-04-16T06:34:05+00:00 DEBUG 
====Stripe Version: 7.3.0====
====Start Log====
Stripe Payment Request live mode requires SSL.
====End Log====


2023-04-16T06:34:21+00:00 DEBUG 
====Stripe Version: 7.3.0====
====Start Log====
Stripe Payment Request live mode requires SSL.
====End Log====


2023-04-16T06:34:21+00:00 DEBUG 
====Stripe Version: 7.3.0====
====Start Log====
Stripe live mode requires SSL.
====End Log====


2023-04-16T06:34:21+00:00 DEBUG 
====Stripe Version: 7.3.0====
====Start Log====
Stripe Payment Request live mode requires SSL.
====End Log====


2023-04-16T06:35:34+00:00 DEBUG 
====Stripe Version: 7.3.0====
====Start Log====
Stripe Payment Request live mode requires SSL.
====End Log====


2023-04-16T06:35:34+00:00 DEBUG 
====Stripe Version: 7.3.0====
====Start Log====
Stripe live mode requires SSL.
====End Log====


2023-04-16T06:35:34+00:00 DEBUG 
====Stripe Version: 7.3.0====
====Start Log====
Stripe Payment Request live mode requires SSL.
====End Log====


2023-04-16T07:27:08+00:00 DEBUG 
====Stripe Version: 7.3.0====
====Start Log====
Stripe Payment Request live mode requires SSL.
====End Log====


2023-04-16T07:27:08+00:00 DEBUG 
====Stripe Version: 7.3.0====
====Start Log====
Stripe live mode requires SSL.
====End Log====


2023-04-16T07:27:08+00:00 DEBUG 
====Stripe Version: 7.3.0====
====Start Log====
Stripe Payment Request live mode requires SSL.
====End Log====


2023-04-16T07:27:53+00:00 DEBUG 
====Stripe Version: 7.3.0====
====Start Log====
Stripe Payment Request live mode requires SSL.
====End Log====


2023-04-16T07:27:53+00:00 DEBUG 
====Stripe Version: 7.3.0====
====Start Log====
Stripe live mode requires SSL.
====End Log====


2023-04-16T07:27:53+00:00 DEBUG 
====Stripe Version: 7.3.0====
====Start Log====
Stripe Payment Request live mode requires SSL.
====End Log====


2023-04-16T08:21:02+00:00 DEBUG 
====Stripe Version: 7.3.0====
====Start Log====
Stripe Payment Request live mode requires SSL.
====End Log====


2023-04-16T08:21:02+00:00 DEBUG 
====Stripe Version: 7.3.0====
====Start Log====
Stripe live mode requires SSL.
====End Log====


2023-04-16T08:21:02+00:00 DEBUG 
====Stripe Version: 7.3.0====
====Start Log====
Stripe Payment Request live mode requires SSL.
====End Log====


2023-04-16T09:16:25+00:00 DEBUG 
====Stripe Version: 7.3.0====
====Start Log====
Stripe Payment Request live mode requires SSL.
====End Log====


2023-04-16T09:16:25+00:00 DEBUG 
====Stripe Version: 7.3.0====
====Start Log====
Stripe live mode requires SSL.
====End Log====


2023-04-16T09:16:25+00:00 DEBUG 
====Stripe Version: 7.3.0====
====Start Log====
Stripe Payment Request live mode requires SSL.
====End Log====


2023-04-16T09:16:35+00:00 DEBUG 
====Stripe Version: 7.3.0====
====Start Log====
Stripe Payment Request live mode requires SSL.
====End Log====


2023-04-16T09:16:35+00:00 DEBUG 
====Stripe Version: 7.3.0====
====Start Log====
Stripe live mode requires SSL.
====End Log====


2023-04-16T09:16:35+00:00 DEBUG 
====Stripe Version: 7.3.0====
====Start Log====
Stripe Payment Request live mode requires SSL.
====End Log====


2023-04-16T09:16:46+00:00 DEBUG 
====Stripe Version: 7.3.0====
====Start Log====
Stripe Payment Request live mode requires SSL.
====End Log====


2023-04-16T09:16:46+00:00 DEBUG 
====Stripe Version: 7.3.0====
====Start Log====
Stripe live mode requires SSL.
====End Log====


2023-04-16T09:16:46+00:00 DEBUG 
====Stripe Version: 7.3.0====
====Start Log====
Stripe Payment Request live mode requires SSL.
====End Log====


2023-04-16T09:19:54+00:00 DEBUG 
====Stripe Version: 7.3.0====
====Start Log====
Stripe Payment Request live mode requires SSL.
====End Log====


2023-04-16T09:19:54+00:00 DEBUG 
====Stripe Version: 7.3.0====
====Start Log====
Stripe live mode requires SSL.
====End Log====


2023-04-16T09:19:54+00:00 DEBUG 
====Stripe Version: 7.3.0====
====Start Log====
Stripe Payment Request live mode requires SSL.
====End Log====


2023-04-16T10:12:36+00:00 DEBUG 
====Stripe Version: 7.3.0====
====Start Log====
Stripe Payment Request live mode requires SSL.
====End Log====


2023-04-16T10:12:36+00:00 DEBUG 
====Stripe Version: 7.3.0====
====Start Log====
Stripe live mode requires SSL.
====End Log====


2023-04-16T10:12:37+00:00 DEBUG 
====Stripe Version: 7.3.0====
====Start Log====
Stripe Payment Request live mode requires SSL.
====End Log====


2023-04-16T11:04:41+00:00 DEBUG 
====Stripe Version: 7.3.0====
====Start Log====
Stripe Payment Request live mode requires SSL.
====End Log====


2023-04-16T11:04:41+00:00 DEBUG 
====Stripe Version: 7.3.0====
====Start Log====
Stripe live mode requires SSL.
====End Log====


2023-04-16T11:04:41+00:00 DEBUG 
====Stripe Version: 7.3.0====
====Start Log====
Stripe Payment Request live mode requires SSL.
====End Log====


2023-04-16T11:05:18+00:00 DEBUG 
====Stripe Version: 7.3.0====
====Start Log====
Stripe Payment Request live mode requires SSL.
====End Log====


2023-04-16T11:05:18+00:00 DEBUG 
====Stripe Version: 7.3.0====
====Start Log====
Stripe live mode requires SSL.
====End Log====


2023-04-16T11:05:18+00:00 DEBUG 
====Stripe Version: 7.3.0====
====Start Log====
Stripe Payment Request live mode requires SSL.
====End Log====


2023-04-16T11:05:51+00:00 DEBUG 
====Stripe Version: 7.3.0====
====Start Log====
Stripe Payment Request live mode requires SSL.
====End Log====


2023-04-16T11:05:51+00:00 DEBUG 
====Stripe Version: 7.3.0====
====Start Log====
Stripe live mode requires SSL.
====End Log====


2023-04-16T11:05:51+00:00 DEBUG 
====Stripe Version: 7.3.0====
====Start Log====
Stripe Payment Request live mode requires SSL.
====End Log====


2023-04-16T11:06:26+00:00 DEBUG 
====Stripe Version: 7.3.0====
====Start Log====
Stripe Payment Request live mode requires SSL.
====End Log====


2023-04-16T11:06:26+00:00 DEBUG 
====Stripe Version: 7.3.0====
====Start Log====
Stripe live mode requires SSL.
====End Log====


2023-04-16T11:06:26+00:00 DEBUG 
====Stripe Version: 7.3.0====
====Start Log====
Stripe Payment Request live mode requires SSL.
====End Log====


2023-04-16T11:50:04+00:00 DEBUG 
====Stripe Version: 7.3.0====
====Start Log====
Stripe Payment Request live mode requires SSL.
====End Log====


2023-04-16T11:50:04+00:00 DEBUG 
====Stripe Version: 7.3.0====
====Start Log====
Stripe live mode requires SSL.
====End Log====


2023-04-16T11:50:04+00:00 DEBUG 
====Stripe Version: 7.3.0====
====Start Log====
Stripe Payment Request live mode requires SSL.
====End Log====


2023-04-16T12:00:59+00:00 DEBUG 
====Stripe Version: 7.3.0====
====Start Log====
Stripe Payment Request live mode requires SSL.
====End Log====


2023-04-16T12:00:59+00:00 DEBUG 
====Stripe Version: 7.3.0====
====Start Log====
Stripe live mode requires SSL.
====End Log====


2023-04-16T12:00:59+00:00 DEBUG 
====Stripe Version: 7.3.0====
====Start Log====
Stripe Payment Request live mode requires SSL.
====End Log====


2023-04-16T22:43:51+00:00 DEBUG 
====Stripe Version: 7.3.0====
====Start Log====
Stripe Payment Request live mode requires SSL.
====End Log====


2023-04-16T22:43:51+00:00 DEBUG 
====Stripe Version: 7.3.0====
====Start Log====
Stripe live mode requires SSL.
====End Log====


2023-04-16T22:43:51+00:00 DEBUG 
====Stripe Version: 7.3.0====
====Start Log====
Stripe Payment Request live mode requires SSL.
====End Log====


