2023-04-15T11:31:20+00:00 DEBUG 
====Stripe Version: 7.3.0====
====Start Log====
account
====End Log====


2023-04-15T11:31:22+00:00 DEBUG 
====Stripe Version: 7.3.0====
====Start Log====
account
====End Log====


2023-04-15T12:03:14+00:00 DEBUG 
====Stripe Version: 7.3.0====
====Start Log====
Stripe Payment Request live mode requires SSL.
====End Log====


2023-04-15T12:03:14+00:00 DEBUG 
====Stripe Version: 7.3.0====
====Start Log====
Stripe live mode requires SSL.
====End Log====


2023-04-15T12:03:14+00:00 DEBUG 
====Stripe Version: 7.3.0====
====Start Log====
Stripe Payment Request live mode requires SSL.
====End Log====


2023-04-15T12:03:37+00:00 DEBUG 
====Stripe Version: 7.3.0====
====Start Log====
Stripe Payment Request live mode requires SSL.
====End Log====


2023-04-15T12:03:37+00:00 DEBUG 
====Stripe Version: 7.3.0====
====Start Log====
Stripe live mode requires SSL.
====End Log====


2023-04-15T12:03:37+00:00 DEBUG 
====Stripe Version: 7.3.0====
====Start Log====
Stripe Payment Request live mode requires SSL.
====End Log====


2023-04-15T12:04:02+00:00 DEBUG 
====Stripe Version: 7.3.0====
====Start Log====
Stripe Payment Request live mode requires SSL.
====End Log====


2023-04-15T12:04:02+00:00 DEBUG 
====Stripe Version: 7.3.0====
====Start Log====
Stripe live mode requires SSL.
====End Log====


2023-04-15T12:04:02+00:00 DEBUG 
====Stripe Version: 7.3.0====
====Start Log====
Stripe Payment Request live mode requires SSL.
====End Log====


2023-04-15T13:48:36+00:00 DEBUG 
====Stripe Version: 7.3.0====
====Start Log====
Stripe Payment Request live mode requires SSL.
====End Log====


2023-04-15T13:48:36+00:00 DEBUG 
====Stripe Version: 7.3.0====
====Start Log====
Stripe live mode requires SSL.
====End Log====


2023-04-15T13:48:36+00:00 DEBUG 
====Stripe Version: 7.3.0====
====Start Log====
Stripe Payment Request live mode requires SSL.
====End Log====


2023-04-15T14:38:34+00:00 DEBUG 
====Stripe Version: 7.3.0====
====Start Log====
Stripe Payment Request live mode requires SSL.
====End Log====


2023-04-15T14:38:34+00:00 DEBUG 
====Stripe Version: 7.3.0====
====Start Log====
Stripe live mode requires SSL.
====End Log====


2023-04-15T14:38:34+00:00 DEBUG 
====Stripe Version: 7.3.0====
====Start Log====
Stripe Payment Request live mode requires SSL.
====End Log====


2023-04-15T14:41:33+00:00 DEBUG 
====Stripe Version: 7.3.0====
====Start Log====
Stripe Payment Request live mode requires SSL.
====End Log====


2023-04-15T14:41:33+00:00 DEBUG 
====Stripe Version: 7.3.0====
====Start Log====
Stripe live mode requires SSL.
====End Log====


2023-04-15T14:41:34+00:00 DEBUG 
====Stripe Version: 7.3.0====
====Start Log====
Stripe Payment Request live mode requires SSL.
====End Log====


2023-04-15T14:41:47+00:00 DEBUG 
====Stripe Version: 7.3.0====
====Start Log====
Stripe Payment Request live mode requires SSL.
====End Log====


2023-04-15T14:41:47+00:00 DEBUG 
====Stripe Version: 7.3.0====
====Start Log====
Stripe live mode requires SSL.
====End Log====


2023-04-15T16:22:20+00:00 DEBUG 
====Stripe Version: 7.3.0====
====Start Log====
Stripe Payment Request live mode requires SSL.
====End Log====


2023-04-15T16:22:20+00:00 DEBUG 
====Stripe Version: 7.3.0====
====Start Log====
Stripe live mode requires SSL.
====End Log====


2023-04-15T16:22:20+00:00 DEBUG 
====Stripe Version: 7.3.0====
====Start Log====
Stripe Payment Request live mode requires SSL.
====End Log====


2023-04-15T16:23:06+00:00 DEBUG 
====Stripe Version: 7.3.0====
====Start Log====
Stripe Payment Request live mode requires SSL.
====End Log====


2023-04-15T16:23:06+00:00 DEBUG 
====Stripe Version: 7.3.0====
====Start Log====
Stripe live mode requires SSL.
====End Log====


2023-04-15T16:23:06+00:00 DEBUG 
====Stripe Version: 7.3.0====
====Start Log====
Stripe Payment Request live mode requires SSL.
====End Log====


2023-04-15T16:25:36+00:00 DEBUG 
====Stripe Version: 7.3.0====
====Start Log====
Stripe Payment Request live mode requires SSL.
====End Log====


2023-04-15T16:25:36+00:00 DEBUG 
====Stripe Version: 7.3.0====
====Start Log====
Stripe live mode requires SSL.
====End Log====


2023-04-15T16:25:37+00:00 DEBUG 
====Stripe Version: 7.3.0====
====Start Log====
Stripe Payment Request live mode requires SSL.
====End Log====


2023-04-15T16:26:00+00:00 DEBUG 
====Stripe Version: 7.3.0====
====Start Log====
Stripe Payment Request live mode requires SSL.
====End Log====


2023-04-15T16:26:00+00:00 DEBUG 
====Stripe Version: 7.3.0====
====Start Log====
Stripe live mode requires SSL.
====End Log====


2023-04-15T16:26:00+00:00 DEBUG 
====Stripe Version: 7.3.0====
====Start Log====
Stripe Payment Request live mode requires SSL.
====End Log====


2023-04-15T17:17:14+00:00 DEBUG 
====Stripe Version: 7.3.0====
====Start Log====
Stripe Payment Request live mode requires SSL.
====End Log====


2023-04-15T17:17:14+00:00 DEBUG 
====Stripe Version: 7.3.0====
====Start Log====
Stripe live mode requires SSL.
====End Log====


2023-04-15T17:17:14+00:00 DEBUG 
====Stripe Version: 7.3.0====
====Start Log====
Stripe Payment Request live mode requires SSL.
====End Log====


2023-04-15T18:13:51+00:00 DEBUG 
====Stripe Version: 7.3.0====
====Start Log====
Stripe Payment Request live mode requires SSL.
====End Log====


2023-04-15T18:13:51+00:00 DEBUG 
====Stripe Version: 7.3.0====
====Start Log====
Stripe live mode requires SSL.
====End Log====


2023-04-15T18:14:11+00:00 DEBUG 
====Stripe Version: 7.3.0====
====Start Log====
Stripe Payment Request live mode requires SSL.
====End Log====


2023-04-15T18:14:11+00:00 DEBUG 
====Stripe Version: 7.3.0====
====Start Log====
Stripe live mode requires SSL.
====End Log====


2023-04-15T18:14:11+00:00 DEBUG 
====Stripe Version: 7.3.0====
====Start Log====
Stripe Payment Request live mode requires SSL.
====End Log====


2023-04-15T18:14:21+00:00 DEBUG 
====Stripe Version: 7.3.0====
====Start Log====
Stripe Payment Request live mode requires SSL.
====End Log====


2023-04-15T18:14:21+00:00 DEBUG 
====Stripe Version: 7.3.0====
====Start Log====
Stripe live mode requires SSL.
====End Log====


2023-04-15T18:14:21+00:00 DEBUG 
====Stripe Version: 7.3.0====
====Start Log====
Stripe Payment Request live mode requires SSL.
====End Log====


2023-04-15T19:07:43+00:00 DEBUG 
====Stripe Version: 7.3.0====
====Start Log====
Stripe Payment Request live mode requires SSL.
====End Log====


2023-04-15T19:07:43+00:00 DEBUG 
====Stripe Version: 7.3.0====
====Start Log====
Stripe live mode requires SSL.
====End Log====


2023-04-15T19:07:43+00:00 DEBUG 
====Stripe Version: 7.3.0====
====Start Log====
Stripe Payment Request live mode requires SSL.
====End Log====


2023-04-15T19:14:34+00:00 DEBUG 
====Stripe Version: 7.3.0====
====Start Log====
Stripe Payment Request live mode requires SSL.
====End Log====


2023-04-15T19:14:34+00:00 DEBUG 
====Stripe Version: 7.3.0====
====Start Log====
Stripe live mode requires SSL.
====End Log====


2023-04-15T19:14:36+00:00 DEBUG 
====Stripe Version: 7.3.0====
====Start Log====
Stripe Payment Request live mode requires SSL.
====End Log====


2023-04-15T19:28:48+00:00 DEBUG 
====Stripe Version: 7.3.0====
====Start Log====
Stripe Payment Request live mode requires SSL.
====End Log====


2023-04-15T19:28:48+00:00 DEBUG 
====Stripe Version: 7.3.0====
====Start Log====
Stripe live mode requires SSL.
====End Log====


2023-04-15T19:28:48+00:00 DEBUG 
====Stripe Version: 7.3.0====
====Start Log====
Stripe Payment Request live mode requires SSL.
====End Log====


2023-04-15T19:56:18+00:00 DEBUG 
====Stripe Version: 7.3.0====
====Start Log====
Stripe Payment Request live mode requires SSL.
====End Log====


2023-04-15T19:56:18+00:00 DEBUG 
====Stripe Version: 7.3.0====
====Start Log====
Stripe live mode requires SSL.
====End Log====


2023-04-15T19:56:18+00:00 DEBUG 
====Stripe Version: 7.3.0====
====Start Log====
Stripe Payment Request live mode requires SSL.
====End Log====


2023-04-15T19:57:10+00:00 DEBUG 
====Stripe Version: 7.3.0====
====Start Log====
Stripe Payment Request live mode requires SSL.
====End Log====


2023-04-15T19:57:10+00:00 DEBUG 
====Stripe Version: 7.3.0====
====Start Log====
Stripe live mode requires SSL.
====End Log====


2023-04-15T19:57:10+00:00 DEBUG 
====Stripe Version: 7.3.0====
====Start Log====
Stripe Payment Request live mode requires SSL.
====End Log====


2023-04-15T20:00:47+00:00 DEBUG 
====Stripe Version: 7.3.0====
====Start Log====
Stripe Payment Request live mode requires SSL.
====End Log====


2023-04-15T20:00:47+00:00 DEBUG 
====Stripe Version: 7.3.0====
====Start Log====
Stripe live mode requires SSL.
====End Log====


2023-04-15T20:00:47+00:00 DEBUG 
====Stripe Version: 7.3.0====
====Start Log====
Stripe Payment Request live mode requires SSL.
====End Log====


2023-04-15T20:01:21+00:00 DEBUG 
====Stripe Version: 7.3.0====
====Start Log====
Stripe Payment Request live mode requires SSL.
====End Log====


2023-04-15T20:01:21+00:00 DEBUG 
====Stripe Version: 7.3.0====
====Start Log====
Stripe live mode requires SSL.
====End Log====


2023-04-15T20:01:21+00:00 DEBUG 
====Stripe Version: 7.3.0====
====Start Log====
Stripe Payment Request live mode requires SSL.
====End Log====


2023-04-15T20:49:53+00:00 DEBUG 
====Stripe Version: 7.3.0====
====Start Log====
Stripe Payment Request live mode requires SSL.
====End Log====


2023-04-15T20:49:53+00:00 DEBUG 
====Stripe Version: 7.3.0====
====Start Log====
Stripe live mode requires SSL.
====End Log====


2023-04-15T20:49:54+00:00 DEBUG 
====Stripe Version: 7.3.0====
====Start Log====
Stripe Payment Request live mode requires SSL.
====End Log====


2023-04-15T20:54:00+00:00 DEBUG 
====Stripe Version: 7.3.0====
====Start Log====
Stripe Payment Request live mode requires SSL.
====End Log====


2023-04-15T20:54:00+00:00 DEBUG 
====Stripe Version: 7.3.0====
====Start Log====
Stripe live mode requires SSL.
====End Log====


2023-04-15T20:54:12+00:00 DEBUG 
====Stripe Version: 7.3.0====
====Start Log====
Stripe Payment Request live mode requires SSL.
====End Log====


2023-04-15T20:54:12+00:00 DEBUG 
====Stripe Version: 7.3.0====
====Start Log====
Stripe live mode requires SSL.
====End Log====


2023-04-15T20:54:13+00:00 DEBUG 
====Stripe Version: 7.3.0====
====Start Log====
Stripe Payment Request live mode requires SSL.
====End Log====


2023-04-15T20:54:28+00:00 DEBUG 
====Stripe Version: 7.3.0====
====Start Log====
Stripe Payment Request live mode requires SSL.
====End Log====


2023-04-15T20:54:28+00:00 DEBUG 
====Stripe Version: 7.3.0====
====Start Log====
Stripe live mode requires SSL.
====End Log====


2023-04-15T20:54:28+00:00 DEBUG 
====Stripe Version: 7.3.0====
====Start Log====
Stripe Payment Request live mode requires SSL.
====End Log====


2023-04-15T21:44:45+00:00 DEBUG 
====Stripe Version: 7.3.0====
====Start Log====
Stripe Payment Request live mode requires SSL.
====End Log====


2023-04-15T21:44:45+00:00 DEBUG 
====Stripe Version: 7.3.0====
====Start Log====
Stripe live mode requires SSL.
====End Log====


2023-04-15T21:44:45+00:00 DEBUG 
====Stripe Version: 7.3.0====
====Start Log====
Stripe Payment Request live mode requires SSL.
====End Log====


2023-04-15T21:48:50+00:00 DEBUG 
====Stripe Version: 7.3.0====
====Start Log====
Stripe Payment Request live mode requires SSL.
====End Log====


2023-04-15T21:48:50+00:00 DEBUG 
====Stripe Version: 7.3.0====
====Start Log====
Stripe live mode requires SSL.
====End Log====


2023-04-15T21:48:50+00:00 DEBUG 
====Stripe Version: 7.3.0====
====Start Log====
Stripe Payment Request live mode requires SSL.
====End Log====


2023-04-15T21:49:13+00:00 DEBUG 
====Stripe Version: 7.3.0====
====Start Log====
Stripe Payment Request live mode requires SSL.
====End Log====


2023-04-15T21:49:13+00:00 DEBUG 
====Stripe Version: 7.3.0====
====Start Log====
Stripe live mode requires SSL.
====End Log====


2023-04-15T21:49:13+00:00 DEBUG 
====Stripe Version: 7.3.0====
====Start Log====
Stripe Payment Request live mode requires SSL.
====End Log====


